<?xml version="1.0" encoding="UTF-8"?>
<!-- Generated by org.testng.reporters.JUnitReportReporter -->
<testsuite hostname="Coolama-Tatta" failures="0" tests="1" name="org.Thajudeen.RegSuite.CreditCustomer_VerifyInActiveCustomerPage_Test" time="17.477" errors="0" timestamp="2022-09-22T10:50:05 IST" skipped="0">
  <testcase classname="org.Thajudeen.RegSuite.CreditCustomer_VerifyInActiveCustomerPage_Test" name="TestCase3" time="17.477"/>
  <system-out/>
</testsuite> <!-- org.Thajudeen.RegSuite.CreditCustomer_VerifyInActiveCustomerPage_Test -->
