<?xml version="1.0" encoding="UTF-8"?>
<!-- Generated by org.testng.reporters.JUnitReportReporter -->
<testsuite hostname="Coolama-Tatta" failures="0" tests="1" name="org.Thajudeen.RegSuite.ApplyDebitCard_CheckinActiveCustomer_Test" time="42.911" errors="0" timestamp="2022-09-22T10:46:36 IST" skipped="0">
  <testcase classname="org.Thajudeen.RegSuite.ApplyDebitCard_CheckinActiveCustomer_Test" name="TestCase2Test" time="42.911"/>
  <system-out/>
</testsuite> <!-- org.Thajudeen.RegSuite.ApplyDebitCard_CheckinActiveCustomer_Test -->
