<?xml version="1.0" encoding="UTF-8"?>
<!-- Generated by org.testng.reporters.JUnitReportReporter -->
<testsuite hostname="Coolama-Tatta" failures="0" tests="1" name="org.Thajudeen.RegSuite.Open_ApproveandVerifyInActiveCustomer_Test" time="27.352" errors="0" timestamp="2022-09-22T10:53:30 IST" skipped="0">
  <testcase classname="org.Thajudeen.RegSuite.Open_ApproveandVerifyInActiveCustomer_Test" name="TestCase1" time="27.352"/>
  <system-out/>
</testsuite> <!-- org.Thajudeen.RegSuite.Open_ApproveandVerifyInActiveCustomer_Test -->
